2023-11-23 00:18:27,274 [ERROR] ConfigurationRetriever:142 - IOException on connection: sw-center.st.com
2023-11-23 00:18:27,313 [ERROR] ConfigurationRetriever:142 - IOException on connection: sw-center.st.com
2023-11-23 00:18:27,314 [ERROR] ConfigurationRetriever:142 - IOException on connection: sw-center.st.com
2023-11-23 00:18:27,632 [ERROR] ConfigurationRetriever:142 - IOException on connection: sw-center.st.com
2023-11-23 00:18:27,633 [ERROR] ConfigurationRetriever:142 - IOException on connection: sw-center.st.com
2023-11-23 00:18:27,633 [ERROR] ConfigurationRetriever:142 - IOException on connection: sw-center.st.com
2023-11-23 00:18:34,720 [ERROR] ConfigurationRetriever:142 - IOException on connection: sw-center.st.com
2023-11-23 00:18:34,721 [ERROR] ConfigurationRetriever:142 - IOException on connection: sw-center.st.com
2023-11-23 00:18:34,721 [ERROR] ConfigurationRetriever:142 - IOException on connection: sw-center.st.com
2023-11-23 00:20:44,409 [ERROR] ConfigurationRetriever:142 - IOException on connection: sw-center.st.com
2023-11-23 00:20:44,410 [ERROR] ConfigurationRetriever:142 - IOException on connection: sw-center.st.com
2023-11-23 00:20:44,411 [ERROR] ConfigurationRetriever:142 - IOException on connection: sw-center.st.com
2023-11-23 00:20:44,605 [ERROR] ConfigurationRetriever:142 - IOException on connection: sw-center.st.com
2023-11-23 00:20:44,606 [ERROR] ConfigurationRetriever:142 - IOException on connection: sw-center.st.com
2023-11-23 00:20:44,606 [ERROR] ConfigurationRetriever:142 - IOException on connection: sw-center.st.com
2023-11-23 00:26:47,814 [ERROR] ConfigurationRetriever:142 - IOException on connection: sw-center.st.com
2023-11-23 00:26:47,815 [ERROR] ConfigurationRetriever:142 - IOException on connection: sw-center.st.com
2023-11-23 00:26:47,816 [ERROR] ConfigurationRetriever:142 - IOException on connection: sw-center.st.com
2023-11-23 00:26:48,007 [ERROR] ConfigurationRetriever:142 - IOException on connection: sw-center.st.com
2023-11-23 00:26:48,007 [ERROR] ConfigurationRetriever:142 - IOException on connection: sw-center.st.com
2023-11-23 00:26:48,008 [ERROR] ConfigurationRetriever:142 - IOException on connection: sw-center.st.com
2023-11-23 00:30:26,932 [ERROR] ConfigurationRetriever:142 - IOException on connection: sw-center.st.com
2023-11-23 00:30:26,933 [ERROR] ConfigurationRetriever:142 - IOException on connection: sw-center.st.com
2023-11-23 00:30:26,933 [ERROR] ConfigurationRetriever:142 - IOException on connection: sw-center.st.com
2023-11-23 00:30:27,142 [ERROR] ConfigurationRetriever:142 - IOException on connection: sw-center.st.com
2023-11-23 00:30:27,142 [ERROR] ConfigurationRetriever:142 - IOException on connection: sw-center.st.com
2023-11-23 00:30:27,142 [ERROR] ConfigurationRetriever:142 - IOException on connection: sw-center.st.com
2023-11-23 00:44:17,527 [ERROR] ConfigurationRetriever:142 - IOException on connection: sw-center.st.com
2023-11-23 00:44:17,529 [ERROR] ConfigurationRetriever:142 - IOException on connection: sw-center.st.com
2023-11-23 00:44:17,530 [ERROR] ConfigurationRetriever:142 - IOException on connection: sw-center.st.com
2023-11-23 00:47:23,915 [ERROR] ConfigurationRetriever:142 - IOException on connection: sw-center.st.com
2023-11-23 00:47:23,916 [ERROR] ConfigurationRetriever:142 - IOException on connection: sw-center.st.com
2023-11-23 00:47:23,917 [ERROR] ConfigurationRetriever:142 - IOException on connection: sw-center.st.com
2023-11-23 00:48:01,355 [ERROR] ConfigurationRetriever:142 - IOException on connection: sw-center.st.com
2023-11-23 00:48:01,357 [ERROR] ConfigurationRetriever:142 - IOException on connection: sw-center.st.com
2023-11-23 00:48:01,358 [ERROR] ConfigurationRetriever:142 - IOException on connection: sw-center.st.com
2023-11-23 00:50:57,000 [ERROR] ConfigurationRetriever:142 - IOException on connection: sw-center.st.com
2023-11-23 00:50:57,000 [ERROR] ConfigurationRetriever:142 - IOException on connection: sw-center.st.com
2023-11-23 00:50:57,000 [ERROR] ConfigurationRetriever:142 - IOException on connection: sw-center.st.com
2023-11-23 00:52:19,446 [ERROR] ConfigurationRetriever:142 - IOException on connection: sw-center.st.com
2023-11-23 00:52:19,447 [ERROR] ConfigurationRetriever:142 - IOException on connection: sw-center.st.com
2023-11-23 00:52:19,447 [ERROR] ConfigurationRetriever:142 - IOException on connection: sw-center.st.com
2023-11-23 00:52:19,637 [ERROR] ConfigurationRetriever:142 - IOException on connection: sw-center.st.com
2023-11-23 00:52:19,638 [ERROR] ConfigurationRetriever:142 - IOException on connection: sw-center.st.com
2023-11-23 00:52:19,638 [ERROR] ConfigurationRetriever:142 - IOException on connection: sw-center.st.com
2023-11-23 00:55:00,624 [ERROR] ConfigurationRetriever:142 - IOException on connection: sw-center.st.com
2023-11-23 00:55:00,625 [ERROR] ConfigurationRetriever:142 - IOException on connection: sw-center.st.com
2023-11-23 00:55:00,625 [ERROR] ConfigurationRetriever:142 - IOException on connection: sw-center.st.com
2023-11-23 00:55:00,837 [ERROR] ConfigurationRetriever:142 - IOException on connection: sw-center.st.com
2023-11-23 00:55:00,838 [ERROR] ConfigurationRetriever:142 - IOException on connection: sw-center.st.com
2023-11-23 00:55:00,838 [ERROR] ConfigurationRetriever:142 - IOException on connection: sw-center.st.com
2023-11-23 00:56:59,961 [ERROR] ConfigurationRetriever:142 - IOException on connection: sw-center.st.com
2023-11-23 00:56:59,961 [ERROR] ConfigurationRetriever:142 - IOException on connection: sw-center.st.com
2023-11-23 00:56:59,962 [ERROR] ConfigurationRetriever:142 - IOException on connection: sw-center.st.com
2023-11-23 00:57:00,164 [ERROR] ConfigurationRetriever:142 - IOException on connection: sw-center.st.com
2023-11-23 00:57:00,164 [ERROR] ConfigurationRetriever:142 - IOException on connection: sw-center.st.com
2023-11-23 00:57:00,164 [ERROR] ConfigurationRetriever:142 - IOException on connection: sw-center.st.com
2023-11-23 01:07:37,356 [ERROR] ConfigurationRetriever:142 - IOException on connection: sw-center.st.com
2023-11-23 01:07:37,358 [ERROR] ConfigurationRetriever:142 - IOException on connection: sw-center.st.com
2023-11-23 01:07:37,358 [ERROR] ConfigurationRetriever:142 - IOException on connection: sw-center.st.com
2023-11-23 01:13:46,810 [ERROR] ConfigurationRetriever:142 - IOException on connection: sw-center.st.com
2023-11-23 01:13:46,811 [ERROR] ConfigurationRetriever:142 - IOException on connection: sw-center.st.com
2023-11-23 01:13:46,812 [ERROR] ConfigurationRetriever:142 - IOException on connection: sw-center.st.com
2023-11-23 11:34:20,842 [ERROR] ConfigurationRetriever:142 - IOException on connection: sw-center.st.com
2023-11-23 11:34:20,843 [ERROR] ConfigurationRetriever:142 - IOException on connection: sw-center.st.com
2023-11-23 11:34:20,843 [ERROR] ConfigurationRetriever:142 - IOException on connection: sw-center.st.com
2023-11-23 11:42:23,552 [ERROR] ConfigurationRetriever:142 - IOException on connection: sw-center.st.com
2023-11-23 11:42:23,553 [ERROR] ConfigurationRetriever:142 - IOException on connection: sw-center.st.com
2023-11-23 11:42:23,554 [ERROR] ConfigurationRetriever:142 - IOException on connection: sw-center.st.com
2023-11-23 11:42:29,533 [ERROR] ConfigurationRetriever:142 - IOException on connection: sw-center.st.com
2023-11-23 11:42:29,534 [ERROR] ConfigurationRetriever:142 - IOException on connection: sw-center.st.com
2023-11-23 11:42:29,534 [ERROR] ConfigurationRetriever:142 - IOException on connection: sw-center.st.com
2023-11-23 11:47:55,774 [ERROR] ConfigurationRetriever:142 - IOException on connection: sw-center.st.com
2023-11-23 11:47:55,774 [ERROR] ConfigurationRetriever:142 - IOException on connection: sw-center.st.com
2023-11-23 11:47:55,775 [ERROR] ConfigurationRetriever:142 - IOException on connection: sw-center.st.com
2023-11-23 11:47:57,266 [ERROR] ConfigurationRetriever:142 - IOException on connection: sw-center.st.com
2023-11-23 11:47:57,266 [ERROR] ConfigurationRetriever:142 - IOException on connection: sw-center.st.com
2023-11-23 11:47:57,266 [ERROR] ConfigurationRetriever:142 - IOException on connection: sw-center.st.com
2023-11-23 11:52:05,181 [ERROR] ConfigurationRetriever:142 - IOException on connection: sw-center.st.com
2023-11-23 11:52:05,182 [ERROR] ConfigurationRetriever:142 - IOException on connection: sw-center.st.com
2023-11-23 11:52:05,183 [ERROR] ConfigurationRetriever:142 - IOException on connection: sw-center.st.com
2023-11-23 11:52:25,838 [ERROR] ConfigurationRetriever:142 - IOException on connection: sw-center.st.com
2023-11-23 11:52:25,840 [ERROR] ConfigurationRetriever:142 - IOException on connection: sw-center.st.com
2023-11-23 11:52:25,840 [ERROR] ConfigurationRetriever:142 - IOException on connection: sw-center.st.com
2023-11-23 11:52:26,535 [ERROR] ConfigurationRetriever:142 - IOException on connection: sw-center.st.com
2023-11-23 11:52:26,535 [ERROR] ConfigurationRetriever:142 - IOException on connection: sw-center.st.com
2023-11-23 11:52:26,536 [ERROR] ConfigurationRetriever:142 - IOException on connection: sw-center.st.com
2023-11-23 11:54:12,863 [ERROR] ConfigurationRetriever:142 - IOException on connection: sw-center.st.com
2023-11-23 11:54:12,865 [ERROR] ConfigurationRetriever:142 - IOException on connection: sw-center.st.com
2023-11-23 11:54:12,865 [ERROR] ConfigurationRetriever:142 - IOException on connection: sw-center.st.com
2023-11-23 11:54:16,571 [ERROR] ConfigurationRetriever:142 - IOException on connection: sw-center.st.com
2023-11-23 11:54:16,571 [ERROR] ConfigurationRetriever:142 - IOException on connection: sw-center.st.com
2023-11-23 11:54:16,571 [ERROR] ConfigurationRetriever:142 - IOException on connection: sw-center.st.com
2023-11-23 11:57:22,022 [ERROR] ConfigurationRetriever:142 - IOException on connection: sw-center.st.com
2023-11-23 11:57:22,022 [ERROR] ConfigurationRetriever:142 - IOException on connection: sw-center.st.com
2023-11-23 11:57:22,022 [ERROR] ConfigurationRetriever:142 - IOException on connection: sw-center.st.com
2023-11-23 11:57:22,235 [ERROR] ConfigurationRetriever:142 - IOException on connection: sw-center.st.com
2023-11-23 11:57:22,235 [ERROR] ConfigurationRetriever:142 - IOException on connection: sw-center.st.com
2023-11-23 11:57:22,235 [ERROR] ConfigurationRetriever:142 - IOException on connection: sw-center.st.com
2023-11-23 11:58:22,813 [ERROR] ConfigurationRetriever:142 - IOException on connection: sw-center.st.com
2023-11-23 11:58:22,813 [ERROR] ConfigurationRetriever:142 - IOException on connection: sw-center.st.com
2023-11-23 11:58:22,814 [ERROR] ConfigurationRetriever:142 - IOException on connection: sw-center.st.com
2023-11-23 11:58:23,066 [ERROR] ConfigurationRetriever:142 - IOException on connection: sw-center.st.com
2023-11-23 11:58:23,067 [ERROR] ConfigurationRetriever:142 - IOException on connection: sw-center.st.com
2023-11-23 11:58:23,067 [ERROR] ConfigurationRetriever:142 - IOException on connection: sw-center.st.com
2023-11-23 12:19:41,001 [ERROR] ConfigurationRetriever:142 - IOException on connection: sw-center.st.com
2023-11-23 12:19:41,003 [ERROR] ConfigurationRetriever:142 - IOException on connection: sw-center.st.com
2023-11-23 12:19:41,004 [ERROR] ConfigurationRetriever:142 - IOException on connection: sw-center.st.com
2023-11-23 12:19:41,765 [ERROR] ConfigurationRetriever:142 - IOException on connection: sw-center.st.com
2023-11-23 12:19:41,766 [ERROR] ConfigurationRetriever:142 - IOException on connection: sw-center.st.com
2023-11-23 12:19:41,766 [ERROR] ConfigurationRetriever:142 - IOException on connection: sw-center.st.com
2023-11-23 12:20:08,788 [ERROR] ConfigurationRetriever:142 - IOException on connection: sw-center.st.com
2023-11-23 12:20:08,790 [ERROR] ConfigurationRetriever:142 - IOException on connection: sw-center.st.com
2023-11-23 12:20:08,791 [ERROR] ConfigurationRetriever:142 - IOException on connection: sw-center.st.com
2023-11-23 12:20:09,719 [ERROR] ConfigurationRetriever:142 - IOException on connection: sw-center.st.com
2023-11-23 12:20:09,719 [ERROR] ConfigurationRetriever:142 - IOException on connection: sw-center.st.com
2023-11-23 12:20:09,719 [ERROR] ConfigurationRetriever:142 - IOException on connection: sw-center.st.com
2023-11-23 18:06:06,967 [ERROR] ConfigurationRetriever:142 - IOException on connection: sw-center.st.com
2023-11-23 18:06:06,969 [ERROR] ConfigurationRetriever:142 - IOException on connection: sw-center.st.com
2023-11-23 18:06:06,970 [ERROR] ConfigurationRetriever:142 - IOException on connection: sw-center.st.com
2023-11-23 18:19:17,741 [ERROR] ConfigurationRetriever:142 - IOException on connection: sw-center.st.com
2023-11-23 18:19:17,743 [ERROR] ConfigurationRetriever:142 - IOException on connection: sw-center.st.com
2023-11-23 18:19:17,744 [ERROR] ConfigurationRetriever:142 - IOException on connection: sw-center.st.com
2023-11-23 19:10:29,936 [ERROR] ConfigurationRetriever:142 - IOException on connection: sw-center.st.com
2023-11-23 19:10:29,939 [ERROR] ConfigurationRetriever:142 - IOException on connection: sw-center.st.com
2023-11-23 19:10:29,940 [ERROR] ConfigurationRetriever:142 - IOException on connection: sw-center.st.com
2023-11-23 19:11:33,881 [ERROR] ConfigurationRetriever:142 - IOException on connection: sw-center.st.com
2023-11-23 19:11:33,882 [ERROR] ConfigurationRetriever:142 - IOException on connection: sw-center.st.com
2023-11-23 19:11:33,883 [ERROR] ConfigurationRetriever:142 - IOException on connection: sw-center.st.com
2023-11-23 19:17:54,516 [ERROR] ConfigurationRetriever:142 - IOException on connection: sw-center.st.com
2023-11-23 19:17:54,517 [ERROR] ConfigurationRetriever:142 - IOException on connection: sw-center.st.com
2023-11-23 19:17:54,518 [ERROR] ConfigurationRetriever:142 - IOException on connection: sw-center.st.com
2023-11-23 19:46:58,473 [ERROR] ConfigurationRetriever:142 - IOException on connection: Read timed out
2023-11-24 00:04:35,698 [INFO] Activator:176 - 


2023-11-24 00:04:35,699 [INFO] Activator:177 - !SESSION log4j initialized
2023-11-24 00:04:37,731 [INFO] LogOutputStream:77 - [STDOUT_REDIRECT] 
2023-11-24 00:04:44,417 [ERROR] LogOutputStream:75 - [STDERR_REDIRECT] java.net.URISyntaxException: Illegal character in path at index 40: file:/home/muhammad/Desktop/embedded/NTI TASK/Repo/STM32F429ZIT6-Drivers/.metadata/.log4j2.xml
2023-11-24 00:04:44,418 [ERROR] LogOutputStream:75 - [STDERR_REDIRECT] 	at java.base/java.net.URI$Parser.fail(URI.java:2974)
2023-11-24 00:04:44,419 [ERROR] LogOutputStream:75 - [STDERR_REDIRECT] 	at java.base/java.net.URI$Parser.checkChars(URI.java:3145)
2023-11-24 00:04:44,420 [ERROR] LogOutputStream:75 - [STDERR_REDIRECT] 	at java.base/java.net.URI$Parser.parseHierarchical(URI.java:3227)
2023-11-24 00:04:44,421 [ERROR] LogOutputStream:75 - [STDERR_REDIRECT] 	at java.base/java.net.URI$Parser.parse(URI.java:3175)
2023-11-24 00:04:44,422 [ERROR] LogOutputStream:75 - [STDERR_REDIRECT] 	at java.base/java.net.URI.<init>(URI.java:623)
2023-11-24 00:04:44,422 [ERROR] LogOutputStream:75 - [STDERR_REDIRECT] 	at java.base/java.net.URL.toURI(URL.java:1056)
2023-11-24 00:04:44,428 [ERROR] LogOutputStream:75 - [STDERR_REDIRECT] 	at com.st.stm32cube.common.mx.core.CubeMxInstance.getInstance(CubeMxInstance.java:81)
2023-11-24 00:04:44,429 [ERROR] LogOutputStream:75 - [STDERR_REDIRECT] 	at com.st.stm32cube.common.mx.userauth.UserAuthAdapter.<init>(UserAuthAdapter.java:18)
2023-11-24 00:04:44,430 [ERROR] LogOutputStream:75 - [STDERR_REDIRECT] 	at com.st.stm32cube.common.mx.userauth.UserAuthProvider.getUserAuthAdapter(UserAuthProvider.java:9)
2023-11-24 00:04:44,432 [ERROR] LogOutputStream:75 - [STDERR_REDIRECT] 	at com.st.stm32cube.common.ecosystemintegration.ui.core.MCUEcoSystemIntegrationUiHelper.getUserAuth(MCUEcoSystemIntegrationUiHelper.java:100)
2023-11-24 00:04:44,433 [ERROR] LogOutputStream:75 - [STDERR_REDIRECT] 	at com.st.stm32cube.ide.mcu.userauth.UserAuthStartup.earlyStartup(UserAuthStartup.java:41)
2023-11-24 00:04:44,434 [ERROR] LogOutputStream:75 - [STDERR_REDIRECT] 	at org.eclipse.ui.internal.EarlyStartupRunnable.runEarlyStartup(EarlyStartupRunnable.java:79)
2023-11-24 00:04:44,434 [ERROR] LogOutputStream:75 - [STDERR_REDIRECT] 	at org.eclipse.ui.internal.EarlyStartupRunnable.run(EarlyStartupRunnable.java:55)
2023-11-24 00:04:44,435 [ERROR] LogOutputStream:75 - [STDERR_REDIRECT] 	at org.eclipse.core.runtime.SafeRunner.run(SafeRunner.java:45)
2023-11-24 00:04:44,436 [ERROR] LogOutputStream:75 - [STDERR_REDIRECT] 	at org.eclipse.ui.internal.Workbench$39.run(Workbench.java:2656)
2023-11-24 00:04:44,436 [ERROR] LogOutputStream:75 - [STDERR_REDIRECT] 	at org.eclipse.core.internal.jobs.Worker.run(Worker.java:63)
2023-11-24 00:04:48,707 [INFO] LogOutputStream:77 - [STDOUT_REDIRECT] 1 : Invalid condition id : UX_CORESTACK_Condition cause : null
2023-11-24 00:04:48,707 [INFO] LogOutputStream:77 - [STDOUT_REDIRECT] 1 : Invalid condition id : UX_CORESTACK_Condition cause : null
2023-11-24 00:04:48,707 [INFO] LogOutputStream:77 - [STDOUT_REDIRECT] 1 : Invalid condition id : UX_CORESTACK_Condition cause : null
2023-11-24 00:04:48,707 [INFO] LogOutputStream:77 - [STDOUT_REDIRECT] 1 : Invalid condition id : UX_CORESTACK_Condition cause : null
2023-11-24 00:04:48,708 [INFO] LogOutputStream:77 - [STDOUT_REDIRECT] 1 : Invalid condition id : UX_CORESTACK_Condition cause : null
2023-11-24 00:05:07,366 [ERROR] LogOutputStream:75 - [STDERR_REDIRECT] SLF4J: Failed to load class "org.slf4j.impl.StaticLoggerBinder".
2023-11-24 00:05:07,367 [ERROR] LogOutputStream:75 - [STDERR_REDIRECT] SLF4J: Defaulting to no-operation (NOP) logger implementation
2023-11-24 00:05:07,368 [ERROR] LogOutputStream:75 - [STDERR_REDIRECT] SLF4J: See http://www.slf4j.org/codes.html#StaticLoggerBinder for further details.
2023-11-24 00:07:15,280 [INFO] LogOutputStream:77 - [STDOUT_REDIRECT] Unexpected error loading extension: org.eclipse.equinox.p2.metadata.repository.simpleRepository
2023-11-24 00:07:15,281 [ERROR] LogOutputStream:75 - [STDERR_REDIRECT] java.lang.NullPointerException: Cannot enter synchronized block because "this.browseFileTransferProtocolMap" is null
2023-11-24 00:07:15,281 [ERROR] LogOutputStream:75 - [STDERR_REDIRECT] 	at org.eclipse.ecf.internal.provider.filetransfer.Activator.getBrowseFileTransfer(Activator.java:633)
2023-11-24 00:07:15,282 [ERROR] LogOutputStream:75 - [STDERR_REDIRECT] 	at org.eclipse.ecf.provider.filetransfer.browse.MultiProtocolFileSystemBrowserAdapter.sendBrowseRequest(MultiProtocolFileSystemBrowserAdapter.java:81)
2023-11-24 00:07:15,283 [ERROR] LogOutputStream:75 - [STDERR_REDIRECT] 	at org.eclipse.equinox.internal.p2.transport.ecf.FileInfoReader.sendBrowseRequest(FileInfoReader.java:184)
2023-11-24 00:07:15,283 [ERROR] LogOutputStream:75 - [STDERR_REDIRECT] 	at org.eclipse.equinox.internal.p2.transport.ecf.FileInfoReader.getRemoteFiles(FileInfoReader.java:109)
2023-11-24 00:07:15,284 [ERROR] LogOutputStream:75 - [STDERR_REDIRECT] 	at org.eclipse.equinox.internal.p2.transport.ecf.FileInfoReader.getRemoteFile(FileInfoReader.java:125)
2023-11-24 00:07:15,284 [ERROR] LogOutputStream:75 - [STDERR_REDIRECT] 	at org.eclipse.equinox.internal.p2.transport.ecf.FileInfoReader.getLastModified(FileInfoReader.java:130)
2023-11-24 00:07:15,285 [ERROR] LogOutputStream:75 - [STDERR_REDIRECT] 	at org.eclipse.equinox.internal.p2.transport.ecf.RepositoryTransport.getLastModified(RepositoryTransport.java:244)
2023-11-24 00:07:15,285 [ERROR] LogOutputStream:75 - [STDERR_REDIRECT] 	at org.eclipse.equinox.internal.p2.repository.CacheManager.getLastModified(CacheManager.java:289)
2023-11-24 00:07:15,286 [ERROR] LogOutputStream:75 - [STDERR_REDIRECT] 	at org.eclipse.equinox.internal.p2.repository.CacheManager.createCache(CacheManager.java:234)
2023-11-24 00:07:15,286 [ERROR] LogOutputStream:75 - [STDERR_REDIRECT] 	at org.eclipse.equinox.internal.p2.metadata.repository.SimpleMetadataRepositoryFactory.getLocalFile(SimpleMetadataRepositoryFactory.java:69)
2023-11-24 00:07:15,287 [ERROR] LogOutputStream:75 - [STDERR_REDIRECT] 	at org.eclipse.equinox.internal.p2.metadata.repository.SimpleMetadataRepositoryFactory.load(SimpleMetadataRepositoryFactory.java:89)
2023-11-24 00:07:15,288 [ERROR] LogOutputStream:75 - [STDERR_REDIRECT] 	at org.eclipse.equinox.internal.p2.metadata.repository.MetadataRepositoryManager.factoryLoad(MetadataRepositoryManager.java:63)
2023-11-24 00:07:15,288 [ERROR] LogOutputStream:75 - [STDERR_REDIRECT] 	at org.eclipse.equinox.internal.p2.repository.helpers.AbstractRepositoryManager.loadRepository(AbstractRepositoryManager.java:787)
2023-11-24 00:07:15,289 [ERROR] LogOutputStream:75 - [STDERR_REDIRECT] 	at org.eclipse.equinox.internal.p2.repository.helpers.AbstractRepositoryManager.loadRepository(AbstractRepositoryManager.java:685)
2023-11-24 00:07:15,290 [ERROR] LogOutputStream:75 - [STDERR_REDIRECT] 	at org.eclipse.equinox.internal.p2.metadata.repository.MetadataRepositoryManager.loadRepository(MetadataRepositoryManager.java:110)
2023-11-24 00:07:15,290 [ERROR] LogOutputStream:75 - [STDERR_REDIRECT] 	at org.eclipse.equinox.internal.p2.metadata.repository.MetadataRepositoryManager.loadRepository(MetadataRepositoryManager.java:105)
2023-11-24 00:07:15,291 [ERROR] LogOutputStream:75 - [STDERR_REDIRECT] 	at org.eclipse.equinox.internal.p2.metadata.repository.CompositeMetadataRepository.addChild(CompositeMetadataRepository.java:171)
2023-11-24 00:07:15,291 [ERROR] LogOutputStream:75 - [STDERR_REDIRECT] 	at org.eclipse.equinox.internal.p2.metadata.repository.CompositeMetadataRepository.<init>(CompositeMetadataRepository.java:113)
2023-11-24 00:07:15,292 [ERROR] LogOutputStream:75 - [STDERR_REDIRECT] 	at org.eclipse.equinox.internal.p2.metadata.repository.CompositeMetadataRepositoryFactory.load(CompositeMetadataRepositoryFactory.java:124)
2023-11-24 00:07:15,293 [ERROR] LogOutputStream:75 - [STDERR_REDIRECT] 	at org.eclipse.equinox.internal.p2.metadata.repository.MetadataRepositoryManager.factoryLoad(MetadataRepositoryManager.java:63)
2023-11-24 00:07:15,294 [ERROR] LogOutputStream:75 - [STDERR_REDIRECT] 	at org.eclipse.equinox.internal.p2.repository.helpers.AbstractRepositoryManager.loadRepository(AbstractRepositoryManager.java:787)
2023-11-24 00:07:15,295 [ERROR] LogOutputStream:75 - [STDERR_REDIRECT] 	at org.eclipse.equinox.internal.p2.repository.helpers.AbstractRepositoryManager.loadRepository(AbstractRepositoryManager.java:685)
2023-11-24 00:07:15,296 [ERROR] LogOutputStream:75 - [STDERR_REDIRECT] 	at org.eclipse.equinox.internal.p2.metadata.repository.MetadataRepositoryManager.loadRepository(MetadataRepositoryManager.java:110)
2023-11-24 00:07:15,297 [ERROR] LogOutputStream:75 - [STDERR_REDIRECT] 	at org.eclipse.equinox.internal.p2.metadata.repository.MetadataRepositoryManager.loadRepository(MetadataRepositoryManager.java:105)
2023-11-24 00:07:15,298 [ERROR] LogOutputStream:75 - [STDERR_REDIRECT] 	at org.eclipse.equinox.internal.p2.metadata.repository.CompositeMetadataRepository.addChild(CompositeMetadataRepository.java:171)
2023-11-24 00:07:15,299 [ERROR] LogOutputStream:75 - [STDERR_REDIRECT] 	at org.eclipse.equinox.internal.p2.metadata.repository.CompositeMetadataRepository.<init>(CompositeMetadataRepository.java:113)
2023-11-24 00:07:15,299 [ERROR] LogOutputStream:75 - [STDERR_REDIRECT] 	at org.eclipse.equinox.internal.p2.metadata.repository.CompositeMetadataRepositoryFactory.load(CompositeMetadataRepositoryFactory.java:124)
2023-11-24 00:07:15,300 [ERROR] LogOutputStream:75 - [STDERR_REDIRECT] 	at org.eclipse.equinox.internal.p2.metadata.repository.MetadataRepositoryManager.factoryLoad(MetadataRepositoryManager.java:63)
2023-11-24 00:07:15,301 [ERROR] LogOutputStream:75 - [STDERR_REDIRECT] 	at org.eclipse.equinox.internal.p2.repository.helpers.AbstractRepositoryManager.loadRepository(AbstractRepositoryManager.java:787)
2023-11-24 00:14:35,172 [INFO] Activator:176 - 


2023-11-24 00:14:35,174 [INFO] Activator:177 - !SESSION log4j initialized
2023-11-24 00:14:38,259 [INFO] LogOutputStream:77 - [STDOUT_REDIRECT] 
2023-11-24 00:14:38,517 [ERROR] LogOutputStream:75 - [STDERR_REDIRECT] java.net.URISyntaxException: Illegal character in path at index 40: file:/home/muhammad/Desktop/embedded/NTI TASK/Repo/STM32F429ZIT6-Drivers/.metadata/.log4j2.xml
2023-11-24 00:14:38,518 [ERROR] LogOutputStream:75 - [STDERR_REDIRECT] 	at java.base/java.net.URI$Parser.fail(URI.java:2974)
2023-11-24 00:14:38,519 [ERROR] LogOutputStream:75 - [STDERR_REDIRECT] 	at java.base/java.net.URI$Parser.checkChars(URI.java:3145)
2023-11-24 00:14:38,519 [ERROR] LogOutputStream:75 - [STDERR_REDIRECT] 	at java.base/java.net.URI$Parser.parseHierarchical(URI.java:3227)
2023-11-24 00:14:38,520 [ERROR] LogOutputStream:75 - [STDERR_REDIRECT] 	at java.base/java.net.URI$Parser.parse(URI.java:3175)
2023-11-24 00:14:38,520 [ERROR] LogOutputStream:75 - [STDERR_REDIRECT] 	at java.base/java.net.URI.<init>(URI.java:623)
2023-11-24 00:14:38,521 [ERROR] LogOutputStream:75 - [STDERR_REDIRECT] 	at java.base/java.net.URL.toURI(URL.java:1056)
2023-11-24 00:14:38,521 [ERROR] LogOutputStream:75 - [STDERR_REDIRECT] 	at com.st.stm32cube.common.mx.core.CubeMxInstance.getInstance(CubeMxInstance.java:81)
2023-11-24 00:14:38,521 [ERROR] LogOutputStream:75 - [STDERR_REDIRECT] 	at com.st.stm32cube.common.mx.userauth.UserAuthAdapter.<init>(UserAuthAdapter.java:18)
2023-11-24 00:14:38,522 [ERROR] LogOutputStream:75 - [STDERR_REDIRECT] 	at com.st.stm32cube.common.mx.userauth.UserAuthProvider.getUserAuthAdapter(UserAuthProvider.java:9)
2023-11-24 00:14:38,523 [ERROR] LogOutputStream:75 - [STDERR_REDIRECT] 	at com.st.stm32cube.common.ecosystemintegration.ui.core.MCUEcoSystemIntegrationUiHelper.getUserAuth(MCUEcoSystemIntegrationUiHelper.java:100)
2023-11-24 00:14:38,523 [ERROR] LogOutputStream:75 - [STDERR_REDIRECT] 	at com.st.stm32cube.ide.mcu.userauth.UserAuthStartup.earlyStartup(UserAuthStartup.java:41)
2023-11-24 00:14:38,523 [ERROR] LogOutputStream:75 - [STDERR_REDIRECT] 	at org.eclipse.ui.internal.EarlyStartupRunnable.runEarlyStartup(EarlyStartupRunnable.java:79)
2023-11-24 00:14:38,524 [ERROR] LogOutputStream:75 - [STDERR_REDIRECT] 	at org.eclipse.ui.internal.EarlyStartupRunnable.run(EarlyStartupRunnable.java:55)
2023-11-24 00:14:38,524 [ERROR] LogOutputStream:75 - [STDERR_REDIRECT] 	at org.eclipse.core.runtime.SafeRunner.run(SafeRunner.java:45)
2023-11-24 00:14:38,525 [ERROR] LogOutputStream:75 - [STDERR_REDIRECT] 	at org.eclipse.ui.internal.Workbench$39.run(Workbench.java:2656)
2023-11-24 00:14:38,525 [ERROR] LogOutputStream:75 - [STDERR_REDIRECT] 	at org.eclipse.core.internal.jobs.Worker.run(Worker.java:63)
2023-11-24 00:14:42,549 [INFO] LogOutputStream:77 - [STDOUT_REDIRECT] 1 : Invalid condition id : UX_CORESTACK_Condition cause : null
2023-11-24 00:14:42,549 [INFO] LogOutputStream:77 - [STDOUT_REDIRECT] 1 : Invalid condition id : UX_CORESTACK_Condition cause : null
2023-11-24 00:14:42,550 [INFO] LogOutputStream:77 - [STDOUT_REDIRECT] 1 : Invalid condition id : UX_CORESTACK_Condition cause : null
2023-11-24 00:14:42,550 [INFO] LogOutputStream:77 - [STDOUT_REDIRECT] 1 : Invalid condition id : UX_CORESTACK_Condition cause : null
2023-11-24 00:14:42,550 [INFO] LogOutputStream:77 - [STDOUT_REDIRECT] 1 : Invalid condition id : UX_CORESTACK_Condition cause : null
2023-11-24 00:15:01,674 [ERROR] LogOutputStream:75 - [STDERR_REDIRECT] SLF4J: Failed to load class "org.slf4j.impl.StaticLoggerBinder".
2023-11-24 00:15:01,674 [ERROR] LogOutputStream:75 - [STDERR_REDIRECT] SLF4J: Defaulting to no-operation (NOP) logger implementation
2023-11-24 00:15:01,675 [ERROR] LogOutputStream:75 - [STDERR_REDIRECT] SLF4J: See http://www.slf4j.org/codes.html#StaticLoggerBinder for further details.
2023-11-24 00:15:32,104 [INFO] LogOutputStream:77 - [STDOUT_REDIRECT] Unexpected error loading extension: org.eclipse.equinox.p2.metadata.repository.compositeRepository
2023-11-24 00:15:32,105 [ERROR] LogOutputStream:75 - [STDERR_REDIRECT] java.lang.IllegalStateException: bundle org.eclipse.equinox.p2.repositoryis not started
2023-11-24 00:15:32,105 [ERROR] LogOutputStream:75 - [STDERR_REDIRECT] 	at org.eclipse.equinox.internal.p2.repository.Activator.getContext(Activator.java:65)
2023-11-24 00:15:32,106 [ERROR] LogOutputStream:75 - [STDERR_REDIRECT] 	at org.eclipse.equinox.internal.p2.repository.helpers.AbstractRepositoryManager.restoreFromSystemProperty(AbstractRepositoryManager.java:1013)
2023-11-24 00:15:32,107 [ERROR] LogOutputStream:75 - [STDERR_REDIRECT] 	at org.eclipse.equinox.internal.p2.repository.helpers.AbstractRepositoryManager.restoreRepositories(AbstractRepositoryManager.java:1033)
2023-11-24 00:15:32,108 [ERROR] LogOutputStream:75 - [STDERR_REDIRECT] 	at org.eclipse.equinox.internal.p2.repository.helpers.AbstractRepositoryManager.sortSuffixes(AbstractRepositoryManager.java:1112)
2023-11-24 00:15:32,108 [ERROR] LogOutputStream:75 - [STDERR_REDIRECT] 	at org.eclipse.equinox.internal.p2.repository.helpers.AbstractRepositoryManager.loadRepository(AbstractRepositoryManager.java:676)
2023-11-24 00:15:32,109 [ERROR] LogOutputStream:75 - [STDERR_REDIRECT] 	at org.eclipse.equinox.internal.p2.metadata.repository.MetadataRepositoryManager.loadRepository(MetadataRepositoryManager.java:110)
2023-11-24 00:15:32,110 [ERROR] LogOutputStream:75 - [STDERR_REDIRECT] 	at org.eclipse.equinox.internal.p2.metadata.repository.MetadataRepositoryManager.loadRepository(MetadataRepositoryManager.java:105)
2023-11-24 00:15:32,111 [ERROR] LogOutputStream:75 - [STDERR_REDIRECT] 	at org.eclipse.equinox.internal.p2.metadata.repository.CompositeMetadataRepository.addChild(CompositeMetadataRepository.java:171)
2023-11-24 00:15:32,112 [ERROR] LogOutputStream:75 - [STDERR_REDIRECT] 	at org.eclipse.equinox.internal.p2.metadata.repository.CompositeMetadataRepository.<init>(CompositeMetadataRepository.java:113)
2023-11-24 00:15:32,112 [ERROR] LogOutputStream:75 - [STDERR_REDIRECT] 	at org.eclipse.equinox.internal.p2.metadata.repository.CompositeMetadataRepositoryFactory.load(CompositeMetadataRepositoryFactory.java:124)
2023-11-24 00:15:32,113 [ERROR] LogOutputStream:75 - [STDERR_REDIRECT] 	at org.eclipse.equinox.internal.p2.metadata.repository.MetadataRepositoryManager.factoryLoad(MetadataRepositoryManager.java:63)
2023-11-24 00:15:32,114 [ERROR] LogOutputStream:75 - [STDERR_REDIRECT] 	at org.eclipse.equinox.internal.p2.repository.helpers.AbstractRepositoryManager.loadRepository(AbstractRepositoryManager.java:787)
2023-11-24 00:15:32,115 [ERROR] LogOutputStream:75 - [STDERR_REDIRECT] 	at org.eclipse.equinox.internal.p2.repository.helpers.AbstractRepositoryManager.loadRepository(AbstractRepositoryManager.java:685)
2023-11-24 00:15:32,115 [ERROR] LogOutputStream:75 - [STDERR_REDIRECT] 	at org.eclipse.equinox.internal.p2.metadata.repository.MetadataRepositoryManager.loadRepository(MetadataRepositoryManager.java:110)
2023-11-24 00:15:32,116 [ERROR] LogOutputStream:75 - [STDERR_REDIRECT] 	at org.eclipse.equinox.internal.p2.metadata.repository.MetadataRepositoryManager.loadRepository(MetadataRepositoryManager.java:105)
2023-11-24 00:15:32,117 [ERROR] LogOutputStream:75 - [STDERR_REDIRECT] 	at org.eclipse.equinox.internal.p2.metadata.repository.CompositeMetadataRepository.addChild(CompositeMetadataRepository.java:171)
2023-11-24 00:15:32,117 [ERROR] LogOutputStream:75 - [STDERR_REDIRECT] 	at org.eclipse.equinox.internal.p2.metadata.repository.CompositeMetadataRepository.<init>(CompositeMetadataRepository.java:113)
2023-11-24 00:15:32,118 [ERROR] LogOutputStream:75 - [STDERR_REDIRECT] 	at org.eclipse.equinox.internal.p2.metadata.repository.CompositeMetadataRepositoryFactory.load(CompositeMetadataRepositoryFactory.java:124)
2023-11-24 00:15:32,119 [ERROR] LogOutputStream:75 - [STDERR_REDIRECT] 	at org.eclipse.equinox.internal.p2.metadata.repository.MetadataRepositoryManager.factoryLoad(MetadataRepositoryManager.java:63)
2023-11-24 00:15:32,120 [ERROR] LogOutputStream:75 - [STDERR_REDIRECT] 	at org.eclipse.equinox.internal.p2.repository.helpers.AbstractRepositoryManager.loadRepository(AbstractRepositoryManager.java:787)
2023-11-24 00:15:32,120 [ERROR] LogOutputStream:75 - [STDERR_REDIRECT] 	at org.eclipse.equinox.internal.p2.repository.helpers.AbstractRepositoryManager.loadRepository(AbstractRepositoryManager.java:685)
2023-11-24 00:15:32,121 [ERROR] LogOutputStream:75 - [STDERR_REDIRECT] 	at org.eclipse.equinox.internal.p2.metadata.repository.MetadataRepositoryManager.loadRepository(MetadataRepositoryManager.java:110)
