00:14:41 **** Incremental Build of configuration Debug for project STM32F429 Code ****
make -j20 all 
arm-none-eabi-gcc "../SERVICES/calculation_functions.c" -mcpu=cortex-m4 -std=gnu11 -g3 -DDEBUG -DSTM32F429I_DISC1 -DSTM32 -DSTM32F429ZITx -DSTM32F4 -c -O0 -ffunction-sections -fdata-sections -Wall -fstack-usage -fcyclomatic-complexity -MMD -MP -MF"SERVICES/calculation_functions.d" -MT"SERVICES/calculation_functions.o" --specs=nano.specs -mfpu=fpv4-sp-d16 -mfloat-abi=hard -mthumb -o "SERVICES/calculation_functions.o"
arm-none-eabi-gcc "../MCAL/UART/USART.c" -mcpu=cortex-m4 -std=gnu11 -g3 -DDEBUG -DSTM32F429I_DISC1 -DSTM32 -DSTM32F429ZITx -DSTM32F4 -c -O0 -ffunction-sections -fdata-sections -Wall -fstack-usage -fcyclomatic-complexity -MMD -MP -MF"MCAL/UART/USART.d" -MT"MCAL/UART/USART.o" --specs=nano.specs -mfpu=fpv4-sp-d16 -mfloat-abi=hard -mthumb -o "MCAL/UART/USART.o"
arm-none-eabi-gcc "../MCAL/UART/USART_config.c" -mcpu=cortex-m4 -std=gnu11 -g3 -DDEBUG -DSTM32F429I_DISC1 -DSTM32 -DSTM32F429ZITx -DSTM32F4 -c -O0 -ffunction-sections -fdata-sections -Wall -fstack-usage -fcyclomatic-complexity -MMD -MP -MF"MCAL/UART/USART_config.d" -MT"MCAL/UART/USART_config.o" --specs=nano.specs -mfpu=fpv4-sp-d16 -mfloat-abi=hard -mthumb -o "MCAL/UART/USART_config.o"
arm-none-eabi-gcc "../MCAL/SYSTICK/SYSTICK.c" -mcpu=cortex-m4 -std=gnu11 -g3 -DDEBUG -DSTM32F429I_DISC1 -DSTM32 -DSTM32F429ZITx -DSTM32F4 -c -O0 -ffunction-sections -fdata-sections -Wall -fstack-usage -fcyclomatic-complexity -MMD -MP -MF"MCAL/SYSTICK/SYSTICK.d" -MT"MCAL/SYSTICK/SYSTICK.o" --specs=nano.specs -mfpu=fpv4-sp-d16 -mfloat-abi=hard -mthumb -o "MCAL/SYSTICK/SYSTICK.o"
arm-none-eabi-gcc "../MCAL/SCB/SCB.c" -mcpu=cortex-m4 -std=gnu11 -g3 -DDEBUG -DSTM32F429I_DISC1 -DSTM32 -DSTM32F429ZITx -DSTM32F4 -c -O0 -ffunction-sections -fdata-sections -Wall -fstack-usage -fcyclomatic-complexity -MMD -MP -MF"MCAL/SCB/SCB.d" -MT"MCAL/SCB/SCB.o" --specs=nano.specs -mfpu=fpv4-sp-d16 -mfloat-abi=hard -mthumb -o "MCAL/SCB/SCB.o"
arm-none-eabi-gcc "../MCAL/RCC/RCC.c" -mcpu=cortex-m4 -std=gnu11 -g3 -DDEBUG -DSTM32F429I_DISC1 -DSTM32 -DSTM32F429ZITx -DSTM32F4 -c -O0 -ffunction-sections -fdata-sections -Wall -fstack-usage -fcyclomatic-complexity -MMD -MP -MF"MCAL/RCC/RCC.d" -MT"MCAL/RCC/RCC.o" --specs=nano.specs -mfpu=fpv4-sp-d16 -mfloat-abi=hard -mthumb -o "MCAL/RCC/RCC.o"
arm-none-eabi-gcc "../MCAL/NVIC/NVIC.c" -mcpu=cortex-m4 -std=gnu11 -g3 -DDEBUG -DSTM32F429I_DISC1 -DSTM32 -DSTM32F429ZITx -DSTM32F4 -c -O0 -ffunction-sections -fdata-sections -Wall -fstack-usage -fcyclomatic-complexity -MMD -MP -MF"MCAL/NVIC/NVIC.d" -MT"MCAL/NVIC/NVIC.o" --specs=nano.specs -mfpu=fpv4-sp-d16 -mfloat-abi=hard -mthumb -o "MCAL/NVIC/NVIC.o"
arm-none-eabi-gcc "../MCAL/GPIO/GPIO.c" -mcpu=cortex-m4 -std=gnu11 -g3 -DDEBUG -DSTM32F429I_DISC1 -DSTM32 -DSTM32F429ZITx -DSTM32F4 -c -O0 -ffunction-sections -fdata-sections -Wall -fstack-usage -fcyclomatic-complexity -MMD -MP -MF"MCAL/GPIO/GPIO.d" -MT"MCAL/GPIO/GPIO.o" --specs=nano.specs -mfpu=fpv4-sp-d16 -mfloat-abi=hard -mthumb -o "MCAL/GPIO/GPIO.o"
arm-none-eabi-gcc "../MCAL/CAN/CAN.c" -mcpu=cortex-m4 -std=gnu11 -g3 -DDEBUG -DSTM32F429I_DISC1 -DSTM32 -DSTM32F429ZITx -DSTM32F4 -c -O0 -ffunction-sections -fdata-sections -Wall -fstack-usage -fcyclomatic-complexity -MMD -MP -MF"MCAL/CAN/CAN.d" -MT"MCAL/CAN/CAN.o" --specs=nano.specs -mfpu=fpv4-sp-d16 -mfloat-abi=hard -mthumb -o "MCAL/CAN/CAN.o"
arm-none-eabi-gcc "../MCAL/CAN/CAN_config.c" -mcpu=cortex-m4 -std=gnu11 -g3 -DDEBUG -DSTM32F429I_DISC1 -DSTM32 -DSTM32F429ZITx -DSTM32F4 -c -O0 -ffunction-sections -fdata-sections -Wall -fstack-usage -fcyclomatic-complexity -MMD -MP -MF"MCAL/CAN/CAN_config.d" -MT"MCAL/CAN/CAN_config.o" --specs=nano.specs -mfpu=fpv4-sp-d16 -mfloat-abi=hard -mthumb -o "MCAL/CAN/CAN_config.o"
arm-none-eabi-gcc "../ECUL/LCD/LCD.c" -mcpu=cortex-m4 -std=gnu11 -g3 -DDEBUG -DSTM32F429I_DISC1 -DSTM32 -DSTM32F429ZITx -DSTM32F4 -c -O0 -ffunction-sections -fdata-sections -Wall -fstack-usage -fcyclomatic-complexity -MMD -MP -MF"ECUL/LCD/LCD.d" -MT"ECUL/LCD/LCD.o" --specs=nano.specs -mfpu=fpv4-sp-d16 -mfloat-abi=hard -mthumb -o "ECUL/LCD/LCD.o"
arm-none-eabi-gcc "../ECUL/LCD/LCD_config.c" -mcpu=cortex-m4 -std=gnu11 -g3 -DDEBUG -DSTM32F429I_DISC1 -DSTM32 -DSTM32F429ZITx -DSTM32F4 -c -O0 -ffunction-sections -fdata-sections -Wall -fstack-usage -fcyclomatic-complexity -MMD -MP -MF"ECUL/LCD/LCD_config.d" -MT"ECUL/LCD/LCD_config.o" --specs=nano.specs -mfpu=fpv4-sp-d16 -mfloat-abi=hard -mthumb -o "ECUL/LCD/LCD_config.o"
arm-none-eabi-gcc "../APP/main.c" -mcpu=cortex-m4 -std=gnu11 -g3 -DDEBUG -DSTM32F429I_DISC1 -DSTM32 -DSTM32F429ZITx -DSTM32F4 -c -O0 -ffunction-sections -fdata-sections -Wall -fstack-usage -fcyclomatic-complexity -MMD -MP -MF"APP/main.d" -MT"APP/main.o" --specs=nano.specs -mfpu=fpv4-sp-d16 -mfloat-abi=hard -mthumb -o "APP/main.o"
arm-none-eabi-gcc "../APP/syscalls.c" -mcpu=cortex-m4 -std=gnu11 -g3 -DDEBUG -DSTM32F429I_DISC1 -DSTM32 -DSTM32F429ZITx -DSTM32F4 -c -O0 -ffunction-sections -fdata-sections -Wall -fstack-usage -fcyclomatic-complexity -MMD -MP -MF"APP/syscalls.d" -MT"APP/syscalls.o" --specs=nano.specs -mfpu=fpv4-sp-d16 -mfloat-abi=hard -mthumb -o "APP/syscalls.o"
arm-none-eabi-gcc "../APP/sysmem.c" -mcpu=cortex-m4 -std=gnu11 -g3 -DDEBUG -DSTM32F429I_DISC1 -DSTM32 -DSTM32F429ZITx -DSTM32F4 -c -O0 -ffunction-sections -fdata-sections -Wall -fstack-usage -fcyclomatic-complexity -MMD -MP -MF"APP/sysmem.d" -MT"APP/sysmem.o" --specs=nano.specs -mfpu=fpv4-sp-d16 -mfloat-abi=hard -mthumb -o "APP/sysmem.o"
../MCAL/GPIO/GPIO.c:20:10: fatal error: RCC/RCC.h: No such file or directory
   20 | #include "RCC/RCC.h"
      |          ^~~~~~~~~~~
compilation terminated.
../MCAL/SYSTICK/SYSTICK.c:17:10: fatal error: BIT_UTILS.h: No such file or directory
   17 | #include "BIT_UTILS.h"
      |          ^~~~~~~~~~~~~
compilation terminated.
../APP/main.c: In function 'main':
../APP/main.c:403:58: warning: pointer targets in passing argument 2 of 'Usart_enuTransmitStringBlocking' differ in signedness [-Wpointer-sign]
  403 |                 Usart_enuTransmitStringBlocking(&Usart1, "1");
      |                                                          ^~~
      |                                                          |
      |                                                          char *
In file included from ../APP/main.h:32,
                 from ../APP/main.c:299:
../APP/../MCAL/UART/USART.h:139:98: note: expected 'u8 *' {aka 'unsigned char *'} but argument is of type 'char *'
  139 | Usart_StatusErrorType Usart_enuTransmitStringBlocking(const Usart_ConfigType* Address_Usart, u8* Address_Data);
      |                                                                                              ~~~~^~~~~~~~~~~~
../APP/main.c:407:58: warning: pointer targets in passing argument 2 of 'Usart_enuTransmitStringBlocking' differ in signedness [-Wpointer-sign]
  407 |                 Usart_enuTransmitStringBlocking(&Usart1, "0");
      |                                                          ^~~
      |                                                          |
      |                                                          char *
In file included from ../APP/main.h:32,
                 from ../APP/main.c:299:
../APP/../MCAL/UART/USART.h:139:98: note: expected 'u8 *' {aka 'unsigned char *'} but argument is of type 'char *'
  139 | Usart_StatusErrorType Usart_enuTransmitStringBlocking(const Usart_ConfigType* Address_Usart, u8* Address_Data);
      |                                                                                              ~~~~^~~~~~~~~~~~
make: *** [MCAL/SYSTICK/subdir.mk:19: MCAL/SYSTICK/SYSTICK.o] Error 1
make: *** Waiting for unfinished jobs....
make: *** [MCAL/GPIO/subdir.mk:19: MCAL/GPIO/GPIO.o] Error 1
../SERVICES/calculation_functions.c: In function 'Convert_IntToString':
../SERVICES/calculation_functions.c:41:25: warning: pointer targets in passing argument 1 of 'sprintf' differ in signedness [-Wpointer-sign]
   41 |                 sprintf((s8*)Address_str, "%lu", Copy_u32Number);
      |                         ^~~~~~~~~~~~~~~~
      |                         |
      |                         s8 * {aka signed char *}
In file included from ../SERVICES/calculation_functions.c:19:
/opt/st/stm32cubeide_1.13.2_2/plugins/com.st.stm32cube.ide.mcu.externaltools.gnu-tools-for-stm32.11.3.rel1.linux64_1.1.1.202309131626/tools/arm-none-eabi/include/stdio.h:254:18: note: expected 'char * restrict' but argument is of type 's8 *' {aka 'signed char *'}
  254 | int     sprintf (char *__restrict, const char *__restrict, ...)
      |                  ^
../SERVICES/calculation_functions.c: In function 'Convert_FloatToString':
../SERVICES/calculation_functions.c:75:34: warning: pointer targets in passing argument 1 of 'sprintf' differ in signedness [-Wpointer-sign]
   75 |                         sprintf (Address_str, "%s%ld.%04d", Loc_u8TempSign, Loc_s64IntPart, Loc_s64FractionPartAsInteger);
      |                                  ^~~~~~~~~~~
      |                                  |
      |                                  pu8 {aka unsigned char *}
In file included from ../SERVICES/calculation_functions.c:19:
/opt/st/stm32cubeide_1.13.2_2/plugins/com.st.stm32cube.ide.mcu.externaltools.gnu-tools-for-stm32.11.3.rel1.linux64_1.1.1.202309131626/tools/arm-none-eabi/include/stdio.h:254:18: note: expected 'char * restrict' but argument is of type 'pu8' {aka 'unsigned char *'}
  254 | int     sprintf (char *__restrict, const char *__restrict, ...)
      |                  ^
../SERVICES/calculation_functions.c:75:57: warning: format '%d' expects argument of type 'int', but argument 5 has type 's32' {aka 'long int'} [-Wformat=]
   75 |                         sprintf (Address_str, "%s%ld.%04d", Loc_u8TempSign, Loc_s64IntPart, Loc_s64FractionPartAsInteger);
      |                                                      ~~~^                                   ~~~~~~~~~~~~~~~~~~~~~~~~~~~~
      |                                                         |                                   |
      |                                                         int                                 s32 {aka long int}
      |                                                      %04ld
../SERVICES/calculation_functions.c: In function 'Convert_BCDToInt':
../SERVICES/calculation_functions.c:182:12: warning: unused variable 'Loc_u8Counter' [-Wunused-variable]
  182 |         u8 Loc_u8Counter = ONE_VALUE;
      |            ^~~~~~~~~~~~~
../SERVICES/calculation_functions.c: In function 'CompareTwoStrings':
../SERVICES/calculation_functions.c:226:57: warning: self-comparison always evaluates to false [-Wtautological-compare]
  226 |                         if(Address_Data1[Loc_u8Counter] != Address_Data1[Loc_u8Counter]){
      |                                                         ^~
../ECUL/LCD/LCD.c:21:10: fatal error: ../MCAL/GPIO/GPIO.h: No such file or directory
   21 | #include "../MCAL/GPIO/GPIO.h"
      |          ^~~~~~~~~~~~~~~~~~~~~
compilation terminated.
make: *** [ECUL/LCD/subdir.mk:22: ECUL/LCD/LCD.o] Error 1
../ECUL/LCD/LCD_config.c:20:10: fatal error: ../MCAL/GPIO/GPIO.h: No such file or directory
   20 | #include "../MCAL/GPIO/GPIO.h"
      |          ^~~~~~~~~~~~~~~~~~~~~
compilation terminated.
make: *** [ECUL/LCD/subdir.mk:22: ECUL/LCD/LCD_config.o] Error 1
"make -j20 all" terminated with exit code 2. Build might be incomplete.

00:14:41 Build Failed. 9 errors, 7 warnings. (took 162ms)

